<?xml version="1.0" encoding="UTF-8"?>
<!-- Generated by org.testng.reporters.JUnitXMLReporter -->
<testsuite hostname="TLPSYS11" name="hmsreg-result" tests="1" failures="1" timestamp="25 Sep 2019 11:26:51 GMT" time="9.377" errors="0">
  <testcase name="f" time="9.334" classname="hmspctest.Testhmspc">
    <failure type="org.openqa.selenium.SessionNotCreatedException" message="session not created
from disconnected: Unable to receive message from renderer
  (Session info: chrome=77.0.3865.90)
Build info: version: &amp;apos;3.141.59&amp;apos;, revision: &amp;apos;e82be7d358&amp;apos;, time: &amp;apos;2018-11-14T08:17:03&amp;apos;
System info: host: &amp;apos;TLPSYS11&amp;apos;, ip: &amp;apos;192.168.0.112&amp;apos;, os.name: &amp;apos;Windows 7&amp;apos;, os.arch: &amp;apos;amd64&amp;apos;, os.version: &amp;apos;6.1&amp;apos;, java.version: &amp;apos;1.8.0_221&amp;apos;
Driver info: driver.version: ChromeDriver
remote stacktrace: Backtrace:
	Ordinal0 [0x001A7C53+1473619]
	Ordinal0 [0x0012AD71+961905]
	Ordinal0 [0x000B42B3+475827]
	Ordinal0 [0x000AC420+443424]
	Ordinal0 [0x000ABA5C+440924]
	Ordinal0 [0x000AB5F4+439796]
	Ordinal0 [0x000AB5B5+439733]
	Ordinal0 [0x000B2B15+469781]
	Ordinal0 [0x000AB56C+439660]
	Ordinal0 [0x000AC0C5+442565]
	Ordinal0 [0x000ABA5C+440924]
	Ordinal0 [0x000AB5F4+439796]
	Ordinal0 [0x000AB5B5+439733]
	Ordinal0 [0x000B146E+463982]
	Ordinal0 [0x000AB56C+439660]
	Ordinal0 [0x000AC0C5+442565]
	Ordinal0 [0x000ABA5C+440924]
	Ordinal0 [0x000AB5F4+439796]
	Ordinal0 [0x000AB5B5+439733]
	Ordinal0 [0x000AFC6B+457835]
	Ordinal0 [0x000AB56C+439660]
	Ordinal0 [0x000AC0C5+442565]
	Ordinal0 [0x000ABA5C+440924]
	Ordinal0 [0x000AB5F4+439796]
	Ordinal0 [0x000AB5B5+439733]
	Ordinal0 [0x000AF457+455767]
	Ordinal0 [0x000AB56C+439660]
	Ordinal0 [0x000AC0C5+442565]
	Ordinal0 [0x000ABA5C+440924]
	Ordinal0 [0x000AB5F4+439796]
	Ordinal0 [0x000AB5B5+439733]
	Ordinal0 [0x000A824C+426572]
	Ordinal0 [0x000AB56C+439660]
	Ordinal0 [0x000AB454+439380]
	Ordinal0 [0x000B4F10+478992]
	Ordinal0 [0x000698FE+170238]
	Ordinal0 [0x00068D1D+167197]
	Ordinal0 [0x0006742B+160811]
	Ordinal0 [0x00050AE6+68326]
	Ordinal0 [0x00051BF0+72688]
	Ordinal0 [0x00051B89+72585]
	Ordinal0 [0x00144B37+1067831]
	GetHandleVerifier [0x00246845+506677]
	GetHandleVerifier [0x002465E0+506064]
	GetHandleVerifier [0x0024D188+533624]
	GetHandleVerifier [0x0024701A+508682]
	Ordinal0 [0x0013C226+1032742]
	Ordinal0 [0x0013C09F+1032351]
	Ordinal0 [0x00146A4B+1075787]
	Ordinal0 [0x00146BB3+1076147]
	Ordinal0 [0x00145B65+1071973]
	BaseThreadInitThunk [0x755633CA+18]
	RtlInitializeExceptionChain [0x77549ED2+99]
	RtlInitializeExceptionChain [0x77549EA5+54]
">
      <![CDATA[org.openqa.selenium.SessionNotCreatedException: session not created
from disconnected: Unable to receive message from renderer
  (Session info: chrome=77.0.3865.90)
Build info: version: '3.141.59', revision: 'e82be7d358', time: '2018-11-14T08:17:03'
System info: host: 'TLPSYS11', ip: '192.168.0.112', os.name: 'Windows 7', os.arch: 'amd64', os.version: '6.1', java.version: '1.8.0_221'
Driver info: driver.version: ChromeDriver
remote stacktrace: Backtrace:
	Ordinal0 [0x001A7C53+1473619]
	Ordinal0 [0x0012AD71+961905]
	Ordinal0 [0x000B42B3+475827]
	Ordinal0 [0x000AC420+443424]
	Ordinal0 [0x000ABA5C+440924]
	Ordinal0 [0x000AB5F4+439796]
	Ordinal0 [0x000AB5B5+439733]
	Ordinal0 [0x000B2B15+469781]
	Ordinal0 [0x000AB56C+439660]
	Ordinal0 [0x000AC0C5+442565]
	Ordinal0 [0x000ABA5C+440924]
	Ordinal0 [0x000AB5F4+439796]
	Ordinal0 [0x000AB5B5+439733]
	Ordinal0 [0x000B146E+463982]
	Ordinal0 [0x000AB56C+439660]
	Ordinal0 [0x000AC0C5+442565]
	Ordinal0 [0x000ABA5C+440924]
	Ordinal0 [0x000AB5F4+439796]
	Ordinal0 [0x000AB5B5+439733]
	Ordinal0 [0x000AFC6B+457835]
	Ordinal0 [0x000AB56C+439660]
	Ordinal0 [0x000AC0C5+442565]
	Ordinal0 [0x000ABA5C+440924]
	Ordinal0 [0x000AB5F4+439796]
	Ordinal0 [0x000AB5B5+439733]
	Ordinal0 [0x000AF457+455767]
	Ordinal0 [0x000AB56C+439660]
	Ordinal0 [0x000AC0C5+442565]
	Ordinal0 [0x000ABA5C+440924]
	Ordinal0 [0x000AB5F4+439796]
	Ordinal0 [0x000AB5B5+439733]
	Ordinal0 [0x000A824C+426572]
	Ordinal0 [0x000AB56C+439660]
	Ordinal0 [0x000AB454+439380]
	Ordinal0 [0x000B4F10+478992]
	Ordinal0 [0x000698FE+170238]
	Ordinal0 [0x00068D1D+167197]
	Ordinal0 [0x0006742B+160811]
	Ordinal0 [0x00050AE6+68326]
	Ordinal0 [0x00051BF0+72688]
	Ordinal0 [0x00051B89+72585]
	Ordinal0 [0x00144B37+1067831]
	GetHandleVerifier [0x00246845+506677]
	GetHandleVerifier [0x002465E0+506064]
	GetHandleVerifier [0x0024D188+533624]
	GetHandleVerifier [0x0024701A+508682]
	Ordinal0 [0x0013C226+1032742]
	Ordinal0 [0x0013C09F+1032351]
	Ordinal0 [0x00146A4B+1075787]
	Ordinal0 [0x00146BB3+1076147]
	Ordinal0 [0x00145B65+1071973]
	BaseThreadInitThunk [0x755633CA+18]
	RtlInitializeExceptionChain [0x77549ED2+99]
	RtlInitializeExceptionChain [0x77549EA5+54]

	at org.openqa.selenium.remote.W3CHandshakeResponse.lambda$errorHandler$0(W3CHandshakeResponse.java:62)
	at org.openqa.selenium.remote.HandshakeResponse.lambda$getResponseFunction$0(HandshakeResponse.java:30)
	at org.openqa.selenium.remote.ProtocolHandshake.lambda$createSession$0(ProtocolHandshake.java:126)
	at java.util.stream.ReferencePipeline$3$1.accept(Unknown Source)
	at java.util.Spliterators$ArraySpliterator.tryAdvance(Unknown Source)
	at java.util.stream.ReferencePipeline.forEachWithCancel(Unknown Source)
	at java.util.stream.AbstractPipeline.copyIntoWithCancel(Unknown Source)
	at java.util.stream.AbstractPipeline.copyInto(Unknown Source)
	at java.util.stream.AbstractPipeline.wrapAndCopyInto(Unknown Source)
	at java.util.stream.FindOps$FindOp.evaluateSequential(Unknown Source)
	at java.util.stream.AbstractPipeline.evaluate(Unknown Source)
	at java.util.stream.ReferencePipeline.findFirst(Unknown Source)
	at org.openqa.selenium.remote.ProtocolHandshake.createSession(ProtocolHandshake.java:128)
	at org.openqa.selenium.remote.ProtocolHandshake.createSession(ProtocolHandshake.java:74)
	at org.openqa.selenium.remote.HttpCommandExecutor.execute(HttpCommandExecutor.java:136)
	at org.openqa.selenium.remote.service.DriverCommandExecutor.execute(DriverCommandExecutor.java:83)
	at org.openqa.selenium.remote.RemoteWebDriver.execute(RemoteWebDriver.java:552)
	at org.openqa.selenium.remote.RemoteWebDriver.startSession(RemoteWebDriver.java:213)
	at org.openqa.selenium.remote.RemoteWebDriver.<init>(RemoteWebDriver.java:131)
	at org.openqa.selenium.chrome.ChromeDriver.<init>(ChromeDriver.java:181)
	at org.openqa.selenium.chrome.ChromeDriver.<init>(ChromeDriver.java:168)
	at org.openqa.selenium.chrome.ChromeDriver.<init>(ChromeDriver.java:123)
	at utlity.BaseClass.openbrowser(BaseClass.java:22)
	at testcomponents.Hmspcreg.lunchbrowser(Hmspcreg.java:10)
	at hmspctest.Testhmspc.f(Testhmspc.java:12)
... Removed 28 stack frames]]>
    </failure>
  </testcase> <!-- f -->
</testsuite> <!-- hmsreg-result -->
